<component name="libraryTable">
  <library name="junit-jupiter-engine-5.7.0">
    <CLASSES>
      <root url="jar://$PROJECT_DIR$/../junit-jupiter-engine-5.7.0.jar!/" />
    </CLASSES>
    <JAVADOC />
    <SOURCES />
  </library>
</component>